<?xml version="1.0" encoding="UTF-8"?>
<testsuite xmlns:xsi="http://www.w3.org/2001/XMLSchema-instance" xsi:noNamespaceSchemaLocation="https://maven.apache.org/surefire/maven-surefire-plugin/xsd/surefire-test-report.xsd" name="ThreeCardLogicTest" time="0" tests="3" errors="0" skipped="0" failures="0">
  <properties>
    <property name="java.specification.version" value="23"/>
    <property name="sun.jnu.encoding" value="UTF-8"/>
    <property name="java.class.path" value="/Users/jmorales/CS342/Project3/Server/target/test-classes:/Users/jmorales/CS342/Project3/Server/target/classes:/Users/jmorales/.m2/repository/org/junit/jupiter/junit-jupiter/5.9.1/junit-jupiter-5.9.1.jar:/Users/jmorales/.m2/repository/org/junit/jupiter/junit-jupiter-api/5.9.1/junit-jupiter-api-5.9.1.jar:/Users/jmorales/.m2/repository/org/opentest4j/opentest4j/1.2.0/opentest4j-1.2.0.jar:/Users/jmorales/.m2/repository/org/junit/platform/junit-platform-commons/1.9.1/junit-platform-commons-1.9.1.jar:/Users/jmorales/.m2/repository/org/apiguardian/apiguardian-api/1.1.2/apiguardian-api-1.1.2.jar:/Users/jmorales/.m2/repository/org/junit/jupiter/junit-jupiter-params/5.9.1/junit-jupiter-params-5.9.1.jar:/Users/jmorales/.m2/repository/org/junit/jupiter/junit-jupiter-engine/5.9.1/junit-jupiter-engine-5.9.1.jar:/Users/jmorales/.m2/repository/org/junit/platform/junit-platform-engine/1.9.1/junit-platform-engine-1.9.1.jar:/Users/jmorales/.m2/repository/org/openjfx/javafx-controls/19.0.2.1/javafx-controls-19.0.2.1.jar:/Users/jmorales/.m2/repository/org/openjfx/javafx-controls/19.0.2.1/javafx-controls-19.0.2.1-mac.jar:/Users/jmorales/.m2/repository/org/openjfx/javafx-graphics/19.0.2.1/javafx-graphics-19.0.2.1.jar:/Users/jmorales/.m2/repository/org/openjfx/javafx-graphics/19.0.2.1/javafx-graphics-19.0.2.1-mac.jar:/Users/jmorales/.m2/repository/org/openjfx/javafx-base/19.0.2.1/javafx-base-19.0.2.1.jar:/Users/jmorales/.m2/repository/org/openjfx/javafx-base/19.0.2.1/javafx-base-19.0.2.1-mac.jar:/Users/jmorales/.m2/repository/org/openjfx/javafx-fxml/19.0.2.1/javafx-fxml-19.0.2.1.jar:/Users/jmorales/.m2/repository/org/openjfx/javafx-fxml/19.0.2.1/javafx-fxml-19.0.2.1-mac.jar:"/>
    <property name="java.vm.vendor" value="Homebrew"/>
    <property name="sun.arch.data.model" value="64"/>
    <property name="java.vendor.url" value="https://github.com/Homebrew/homebrew-core/issues"/>
    <property name="os.name" value="Mac OS X"/>
    <property name="java.vm.specification.version" value="23"/>
    <property name="sun.java.launcher" value="SUN_STANDARD"/>
    <property name="user.country" value="US"/>
    <property name="sun.boot.library.path" value="/usr/local/Cellar/openjdk/23.0.1/libexec/openjdk.jdk/Contents/Home/lib"/>
    <property name="sun.java.command" value="/Users/jmorales/CS342/Project3/Server/target/surefire/surefirebooter6390042878282144816.jar /Users/jmorales/CS342/Project3/Server/target/surefire 2024-12-06T13-20-58_795-jvmRun1 surefire7505448875773451692tmp surefire_01485234211953091222tmp"/>
    <property name="jdk.debug" value="release"/>
    <property name="surefire.test.class.path" value="/Users/jmorales/CS342/Project3/Server/target/test-classes:/Users/jmorales/CS342/Project3/Server/target/classes:/Users/jmorales/.m2/repository/org/junit/jupiter/junit-jupiter/5.9.1/junit-jupiter-5.9.1.jar:/Users/jmorales/.m2/repository/org/junit/jupiter/junit-jupiter-api/5.9.1/junit-jupiter-api-5.9.1.jar:/Users/jmorales/.m2/repository/org/opentest4j/opentest4j/1.2.0/opentest4j-1.2.0.jar:/Users/jmorales/.m2/repository/org/junit/platform/junit-platform-commons/1.9.1/junit-platform-commons-1.9.1.jar:/Users/jmorales/.m2/repository/org/apiguardian/apiguardian-api/1.1.2/apiguardian-api-1.1.2.jar:/Users/jmorales/.m2/repository/org/junit/jupiter/junit-jupiter-params/5.9.1/junit-jupiter-params-5.9.1.jar:/Users/jmorales/.m2/repository/org/junit/jupiter/junit-jupiter-engine/5.9.1/junit-jupiter-engine-5.9.1.jar:/Users/jmorales/.m2/repository/org/junit/platform/junit-platform-engine/1.9.1/junit-platform-engine-1.9.1.jar:/Users/jmorales/.m2/repository/org/openjfx/javafx-controls/19.0.2.1/javafx-controls-19.0.2.1.jar:/Users/jmorales/.m2/repository/org/openjfx/javafx-controls/19.0.2.1/javafx-controls-19.0.2.1-mac.jar:/Users/jmorales/.m2/repository/org/openjfx/javafx-graphics/19.0.2.1/javafx-graphics-19.0.2.1.jar:/Users/jmorales/.m2/repository/org/openjfx/javafx-graphics/19.0.2.1/javafx-graphics-19.0.2.1-mac.jar:/Users/jmorales/.m2/repository/org/openjfx/javafx-base/19.0.2.1/javafx-base-19.0.2.1.jar:/Users/jmorales/.m2/repository/org/openjfx/javafx-base/19.0.2.1/javafx-base-19.0.2.1-mac.jar:/Users/jmorales/.m2/repository/org/openjfx/javafx-fxml/19.0.2.1/javafx-fxml-19.0.2.1.jar:/Users/jmorales/.m2/repository/org/openjfx/javafx-fxml/19.0.2.1/javafx-fxml-19.0.2.1-mac.jar:"/>
    <property name="sun.cpu.endian" value="little"/>
    <property name="user.home" value="/Users/jmorales"/>
    <property name="user.language" value="en"/>
    <property name="java.specification.vendor" value="Oracle Corporation"/>
    <property name="java.version.date" value="2024-10-15"/>
    <property name="java.home" value="/usr/local/Cellar/openjdk/23.0.1/libexec/openjdk.jdk/Contents/Home"/>
    <property name="file.separator" value="/"/>
    <property name="basedir" value="/Users/jmorales/CS342/Project3/Server"/>
    <property name="java.vm.compressedOopsMode" value="Zero based"/>
    <property name="line.separator" value="&#10;"/>
    <property name="java.specification.name" value="Java Platform API Specification"/>
    <property name="java.vm.specification.vendor" value="Oracle Corporation"/>
    <property name="apple.awt.application.name" value="ForkedBooter"/>
    <property name="surefire.real.class.path" value="/Users/jmorales/CS342/Project3/Server/target/surefire/surefirebooter6390042878282144816.jar"/>
    <property name="sun.management.compiler" value="HotSpot 64-Bit Tiered Compilers"/>
    <property name="java.runtime.version" value="23.0.1"/>
    <property name="user.name" value="jmorales"/>
    <property name="stdout.encoding" value="UTF-8"/>
    <property name="path.separator" value=":"/>
    <property name="os.version" value="14.7.1"/>
    <property name="java.runtime.name" value="OpenJDK Runtime Environment"/>
    <property name="file.encoding" value="UTF-8"/>
    <property name="java.vm.name" value="OpenJDK 64-Bit Server VM"/>
    <property name="java.vendor.version" value="Homebrew"/>
    <property name="localRepository" value="/Users/jmorales/.m2/repository"/>
    <property name="java.vendor.url.bug" value="https://github.com/Homebrew/homebrew-core/issues"/>
    <property name="java.io.tmpdir" value="/var/folders/wx/sr3ftwxs68n6ylqtk6x9f4txlq70dv/T/"/>
    <property name="java.version" value="23.0.1"/>
    <property name="user.dir" value="/Users/jmorales/CS342/Project3/Server"/>
    <property name="os.arch" value="x86_64"/>
    <property name="java.vm.specification.name" value="Java Virtual Machine Specification"/>
    <property name="native.encoding" value="UTF-8"/>
    <property name="java.library.path" value="/Users/jmorales/Library/Java/Extensions:/Library/Java/Extensions:/Network/Library/Java/Extensions:/System/Library/Java/Extensions:/usr/lib/java:."/>
    <property name="java.vm.info" value="mixed mode, sharing"/>
    <property name="stderr.encoding" value="UTF-8"/>
    <property name="java.vendor" value="Homebrew"/>
    <property name="java.vm.version" value="23.0.1"/>
    <property name="sun.io.unicode.encoding" value="UnicodeBig"/>
    <property name="java.class.version" value="67.0"/>
  </properties>
  <testcase name="testEvalPPWinnings" classname="ThreeCardLogicTest" time="0"/>
  <testcase name="testEvalHand" classname="ThreeCardLogicTest" time="0"/>
  <testcase name="testCompareHands" classname="ThreeCardLogicTest" time="0"/>
</testsuite>